0 info it worked if it ends with ok
1 verbose cli [ '/usr/bin/nodejs',
1 verbose cli   '/usr/bin/npm',
1 verbose cli   'install',
1 verbose cli   '-g',
1 verbose cli   'cordova',
1 verbose cli   'ionic' ]
2 info using npm@1.3.10
3 info using node@v0.10.25
4 verbose cache add [ 'cordova', null ]
5 verbose cache add name=undefined spec="cordova" args=["cordova",null]
6 verbose parsed url { protocol: null,
6 verbose parsed url   slashes: null,
6 verbose parsed url   auth: null,
6 verbose parsed url   host: null,
6 verbose parsed url   port: null,
6 verbose parsed url   hostname: null,
6 verbose parsed url   hash: null,
6 verbose parsed url   search: null,
6 verbose parsed url   query: null,
6 verbose parsed url   pathname: 'cordova',
6 verbose parsed url   path: 'cordova',
6 verbose parsed url   href: 'cordova' }
7 verbose cache add [ 'ionic', null ]
8 verbose cache add name=undefined spec="ionic" args=["ionic",null]
9 verbose parsed url { protocol: null,
9 verbose parsed url   slashes: null,
9 verbose parsed url   auth: null,
9 verbose parsed url   host: null,
9 verbose parsed url   port: null,
9 verbose parsed url   hostname: null,
9 verbose parsed url   hash: null,
9 verbose parsed url   search: null,
9 verbose parsed url   query: null,
9 verbose parsed url   pathname: 'ionic',
9 verbose parsed url   path: 'ionic',
9 verbose parsed url   href: 'ionic' }
10 silly lockFile a98f2055-cordova cordova
11 verbose lock cordova /home/casita/.npm/a98f2055-cordova.lock
12 silly lockFile 00d10074-ionic ionic
13 verbose lock ionic /home/casita/.npm/00d10074-ionic.lock
14 silly lockFile a98f2055-cordova cordova
15 silly lockFile a98f2055-cordova cordova
16 silly lockFile 00d10074-ionic ionic
17 silly lockFile 00d10074-ionic ionic
18 verbose addNamed [ 'cordova', '' ]
19 verbose addNamed [ null, '*' ]
20 silly lockFile de8d9fad-cordova cordova@
21 verbose lock cordova@ /home/casita/.npm/de8d9fad-cordova.lock
22 verbose addNamed [ 'ionic', '' ]
23 verbose addNamed [ null, '*' ]
24 silly lockFile 966fc04a-ionic ionic@
25 verbose lock ionic@ /home/casita/.npm/966fc04a-ionic.lock
26 silly addNameRange { name: 'cordova', range: '*', hasData: false }
27 silly addNameRange { name: 'ionic', range: '*', hasData: false }
28 verbose url raw cordova
29 verbose url resolving [ 'https://registry.npmjs.org/', './cordova' ]
30 verbose url resolved https://registry.npmjs.org/cordova
31 info trying registry request attempt 1 at 09:52:49
32 verbose etag "1KD0IN89ZPHUOPNDCNRDFVV1W"
33 http GET https://registry.npmjs.org/cordova
34 verbose url raw ionic
35 verbose url resolving [ 'https://registry.npmjs.org/', './ionic' ]
36 verbose url resolved https://registry.npmjs.org/ionic
37 info trying registry request attempt 1 at 09:52:49
38 verbose etag "O5HUGTI77F5XZ5HSJEMAH7OW"
39 http GET https://registry.npmjs.org/ionic
40 http 304 https://registry.npmjs.org/ionic
41 silly registry.get cb [ 304,
41 silly registry.get   { date: 'Thu, 09 Jul 2015 14:52:50 GMT',
41 silly registry.get     via: '1.1 varnish',
41 silly registry.get     'cache-control': 'max-age=60',
41 silly registry.get     etag: '"O5HUGTI77F5XZ5HSJEMAH7OW"',
41 silly registry.get     age: '47',
41 silly registry.get     connection: 'keep-alive',
41 silly registry.get     'x-served-by': 'cache-atl6230-ATL',
41 silly registry.get     'x-cache': 'HIT',
41 silly registry.get     'x-cache-hits': '1',
41 silly registry.get     'x-timer': 'S1436453570.074572,VS0,VE4',
41 silly registry.get     vary: 'Accept' } ]
42 verbose etag ionic from cache
43 silly addNameRange number 2 { name: 'ionic', range: '*', hasData: true }
44 silly addNameRange versions [ 'ionic',
44 silly addNameRange   [ '0.9.6',
44 silly addNameRange     '0.9.8',
44 silly addNameRange     '0.9.9',
44 silly addNameRange     '0.9.10',
44 silly addNameRange     '0.9.11',
44 silly addNameRange     '0.9.12',
44 silly addNameRange     '0.9.13',
44 silly addNameRange     '0.9.14',
44 silly addNameRange     '0.9.15',
44 silly addNameRange     '0.9.16',
44 silly addNameRange     '1.0.0-beta.1',
44 silly addNameRange     '1.0.0-beta',
44 silly addNameRange     '1.0.1-beta',
44 silly addNameRange     '1.0.3-beta',
44 silly addNameRange     '1.0.4',
44 silly addNameRange     '1.0.5',
44 silly addNameRange     '1.0.6',
44 silly addNameRange     '1.0.7',
44 silly addNameRange     '1.0.8',
44 silly addNameRange     '1.0.9',
44 silly addNameRange     '1.0.10',
44 silly addNameRange     '1.0.11',
44 silly addNameRange     '1.0.12',
44 silly addNameRange     '1.0.13',
44 silly addNameRange     '1.0.14',
44 silly addNameRange     '1.0.15',
44 silly addNameRange     '1.0.16',
44 silly addNameRange     '1.0.17',
44 silly addNameRange     '1.1.0-beta1',
44 silly addNameRange     '1.1.0-beta2',
44 silly addNameRange     '1.1.0-beta3',
44 silly addNameRange     '1.1.0-beta4',
44 silly addNameRange     '1.1.0-beta5',
44 silly addNameRange     '1.1.0-beta6',
44 silly addNameRange     '1.1.0',
44 silly addNameRange     '1.1.1-beta1',
44 silly addNameRange     '1.1.1-beta2',
44 silly addNameRange     '1.1.1-beta3',
44 silly addNameRange     '1.1.1',
44 silly addNameRange     '1.1.3',
44 silly addNameRange     '1.1.4',
44 silly addNameRange     '1.1.5-beta1',
44 silly addNameRange     '1.1.5-beta2',
44 silly addNameRange     '1.1.5-beta3',
44 silly addNameRange     '1.1.5-beta4',
44 silly addNameRange     '1.1.5-beta5',
44 silly addNameRange     '1.1.5',
44 silly addNameRange     '1.1.6',
44 silly addNameRange     '1.1.7-beta1',
44 silly addNameRange     '1.1.7',
44 silly addNameRange     '1.1.8-beta1',
44 silly addNameRange     '1.1.8-beta2',
44 silly addNameRange     '1.1.8-beta3',
44 silly addNameRange     '1.1.8-beta4',
44 silly addNameRange     '1.1.8-beta5',
44 silly addNameRange     '1.1.8',
44 silly addNameRange     '1.1.9-beta1',
44 silly addNameRange     '1.1.9',
44 silly addNameRange     '1.1.10',
44 silly addNameRange     '1.1.11-beta1',
44 silly addNameRange     '1.1.11-beta2',
44 silly addNameRange     '1.1.11',
44 silly addNameRange     '1.1.12-beta1',
44 silly addNameRange     '1.1.12-beta2',
44 silly addNameRange     '1.1.12-beta3',
44 silly addNameRange     '1.1.12',
44 silly addNameRange     '1.1.13',
44 silly addNameRange     '1.1.14-beta1',
44 silly addNameRange     '1.1.14-beta2',
44 silly addNameRange     '1.1.14-beta3',
44 silly addNameRange     '1.2.0-beta1',
44 silly addNameRange     '1.2.0',
44 silly addNameRange     '1.2.1-beta1',
44 silly addNameRange     '1.2.1-beta2',
44 silly addNameRange     '1.2.1-beta3',
44 silly addNameRange     '1.2.1-beta4',
44 silly addNameRange     '1.2.1',
44 silly addNameRange     '1.2.2',
44 silly addNameRange     '1.2.3-beta1',
44 silly addNameRange     '1.2.3-beta2',
44 silly addNameRange     '1.2.3-beta3',
44 silly addNameRange     '1.2.3',
44 silly addNameRange     '1.2.4-beta1',
44 silly addNameRange     '1.2.4-beta2',
44 silly addNameRange     '1.2.4-beta3',
44 silly addNameRange     '1.2.4',
44 silly addNameRange     '1.2.5-beta1',
44 silly addNameRange     '1.2.5-beta2',
44 silly addNameRange     '1.2.5-beta3',
44 silly addNameRange     '1.2.5',
44 silly addNameRange     '1.2.6-beta1',
44 silly addNameRange     '1.2.6-beta2',
44 silly addNameRange     '1.2.6-beta3',
44 silly addNameRange     '1.2.6',
44 silly addNameRange     '1.2.7',
44 silly addNameRange     '1.2.8-beta1',
44 silly addNameRange     '1.2.8-beta2',
44 silly addNameRange     '1.2.8',
44 silly addNameRange     '1.2.9',
44 silly addNameRange     '1.2.10',
44 silly addNameRange     '1.2.11',
44 silly addNameRange     '1.2.12',
44 silly addNameRange     '1.2.13',
44 silly addNameRange     '1.2.14-beta1',
44 silly addNameRange     '1.2.14-beta2',
44 silly addNameRange     '1.2.14-beta3',
44 silly addNameRange     '1.2.14-beta4',
44 silly addNameRange     '1.2.14-beta5',
44 silly addNameRange     '1.2.14-beta6',
44 silly addNameRange     '1.2.14',
44 silly addNameRange     '1.3.0-beta1',
44 silly addNameRange     '1.3.0',
44 silly addNameRange     '1.3.1',
44 silly addNameRange     '1.3.2',
44 silly addNameRange     '1.3.3',
44 silly addNameRange     '1.3.4',
44 silly addNameRange     '1.3.5',
44 silly addNameRange     '1.3.6',
44 silly addNameRange     '1.3.7',
44 silly addNameRange     '1.3.8',
44 silly addNameRange     '1.3.9',
44 silly addNameRange     '1.3.10',
44 silly addNameRange     '1.4.0-alpha.1',
44 silly addNameRange     '1.3.11',
44 silly addNameRange     '1.3.1-1.alpha.0',
44 silly addNameRange     '1.4.0-alpha.2',
44 silly addNameRange     '1.3.12',
44 silly addNameRange     '1.3.12-beta.1',
44 silly addNameRange     '1.3.12-beta.2',
44 silly addNameRange     '1.3.13-beta.0',
44 silly addNameRange     '1.3.1-3.beta.1',
44 silly addNameRange     '1.3.1-3.beta.2',
44 silly addNameRange     '1.3.13',
44 silly addNameRange     '1.3.1-3.beta.4',
44 silly addNameRange     '1.3.14-beta',
44 silly addNameRange     '1.3.14-beta.1',
44 silly addNameRange     '1.4.0-alpha.3',
44 silly addNameRange     '1.3.14',
44 silly addNameRange     '1.4.0-alpha.4',
44 silly addNameRange     '1.4.0-alpha.5',
44 silly addNameRange     '1.3.15-beta.0',
44 silly addNameRange     '1.3.15-beta.1',
44 silly addNameRange     '1.3.15-beta.2',
44 silly addNameRange     '1.3.15-beta.3',
44 silly addNameRange     '1.3.15-beta.4',
44 silly addNameRange     '1.3.15',
44 silly addNameRange     '1.3.16',
44 silly addNameRange     '1.4.0-alpha.6',
44 silly addNameRange     '1.3.17-beta.0',
44 silly addNameRange     '1.3.17-beta.1',
44 silly addNameRange     '1.3.17-beta.2',
44 silly addNameRange     '1.3.17-beta.3',
44 silly addNameRange     '1.3.1-7.beta.4',
44 silly addNameRange     '1.3.17',
44 silly addNameRange     '1.3.18-beta.0',
44 silly addNameRange     '1.3.18-beta.1',
44 silly addNameRange     '1.3.18-beta.2',
44 silly addNameRange     '1.3.18-beta.3',
44 silly addNameRange     '1.3.18',
44 silly addNameRange     '1.3.19-beta.0',
44 silly addNameRange     '1.3.19-beta.1',
44 silly addNameRange     '1.3.19-beta.2',
44 silly addNameRange     '1.3.19-beta.3',
44 silly addNameRange     '1.3.19-beta.4',
44 silly addNameRange     '1.3.19',
44 silly addNameRange     '1.3.20',
44 silly addNameRange     '1.4.1-beta.0',
44 silly addNameRange     '1.4.0-beta.1',
44 silly addNameRange     '1.4.0-beta.2',
44 silly addNameRange     '1.4.0-beta.3',
44 silly addNameRange     '1.4.0-beta.5',
44 silly addNameRange     '1.4.0-beta.6',
44 silly addNameRange     '1.4.0-beta.7',
44 silly addNameRange     '1.3.21-beta.0',
44 silly addNameRange     '1.3.21-beta.1',
44 silly addNameRange     '1.3.21',
44 silly addNameRange     '1.3.22',
44 silly addNameRange     '1.4.0-beta.8',
44 silly addNameRange     '1.4.0-beta.9',
44 silly addNameRange     '1.4.0-beta.10',
44 silly addNameRange     '1.4.0-beta.11',
44 silly addNameRange     '1.4.0-beta.12',
44 silly addNameRange     '1.4.0-beta.13',
44 silly addNameRange     '1.4.0-beta.14',
44 silly addNameRange     '1.4.0-beta.15',
44 silly addNameRange     '1.4.0-beta.16',
44 silly addNameRange     '1.4.0-beta.17',
44 silly addNameRange     '1.4.0-beta.18',
44 silly addNameRange     '1.4.0',
44 silly addNameRange     '1.4.1',
44 silly addNameRange     '1.4.2',
44 silly addNameRange     '1.4.3',
44 silly addNameRange     '1.4.4-beta.0',
44 silly addNameRange     '1.4.4-beta.2',
44 silly addNameRange     '1.4.4',
44 silly addNameRange     '1.4.5-beta.0',
44 silly addNameRange     '1.4.5-beta.1',
44 silly addNameRange     '1.4.5-beta.2',
44 silly addNameRange     '1.4.5-beta.3',
44 silly addNameRange     '1.4.5',
44 silly addNameRange     '1.4.6-beta.0',
44 silly addNameRange     '1.4.6',
44 silly addNameRange     '1.4.7',
44 silly addNameRange     '1.4.8',
44 silly addNameRange     '1.5.0-beta.0',
44 silly addNameRange     '1.5.0-beta.1',
44 silly addNameRange     '1.5.0',
44 silly addNameRange     '1.5.1-beta.0',
44 silly addNameRange     '1.5.1-beta.1',
44 silly addNameRange     '1.5.1-beta.2',
44 silly addNameRange     '1.5.1-beta.3',
44 silly addNameRange     '1.5.1-beta.4',
44 silly addNameRange     '1.5.1',
44 silly addNameRange     '1.5.2',
44 silly addNameRange     '1.5.3',
44 silly addNameRange     '1.5.4',
44 silly addNameRange     '1.5.5',
44 silly addNameRange     '1.6.0-beta.1',
44 silly addNameRange     '1.6.0',
44 silly addNameRange     '1.6.1' ] ]
45 verbose addNamed [ 'ionic', '1.6.1' ]
46 verbose addNamed [ '1.6.1', '1.6.1' ]
47 silly lockFile b657aebc-ionic-1-6-1 ionic@1.6.1
48 verbose lock ionic@1.6.1 /home/casita/.npm/b657aebc-ionic-1-6-1.lock
49 silly lockFile b657aebc-ionic-1-6-1 ionic@1.6.1
50 silly lockFile b657aebc-ionic-1-6-1 ionic@1.6.1
51 silly lockFile 966fc04a-ionic ionic@
52 silly lockFile 966fc04a-ionic ionic@
53 http 200 https://registry.npmjs.org/cordova
54 silly registry.get cb [ 200,
54 silly registry.get   { server: 'CouchDB/1.5.0 (Erlang OTP/R16B03)',
54 silly registry.get     etag: '"AJDYVFOC9O1ZD7ZBZPYCK6HF8"',
54 silly registry.get     'content-type': 'application/json',
54 silly registry.get     'cache-control': 'max-age=60',
54 silly registry.get     'content-length': '352051',
54 silly registry.get     'accept-ranges': 'bytes',
54 silly registry.get     date: 'Thu, 09 Jul 2015 14:52:50 GMT',
54 silly registry.get     via: '1.1 varnish',
54 silly registry.get     age: '46',
54 silly registry.get     connection: 'keep-alive',
54 silly registry.get     'x-served-by': 'cache-atl6231-ATL',
54 silly registry.get     'x-cache': 'HIT',
54 silly registry.get     'x-cache-hits': '1',
54 silly registry.get     'x-timer': 'S1436453570.094747,VS0,VE7',
54 silly registry.get     vary: 'Accept' } ]
55 silly addNameRange number 2 { name: 'cordova', range: '*', hasData: true }
56 silly addNameRange versions [ 'cordova',
56 silly addNameRange   [ '0.0.1',
56 silly addNameRange     '0.0.2',
56 silly addNameRange     '0.0.3',
56 silly addNameRange     '0.0.4',
56 silly addNameRange     '0.0.5',
56 silly addNameRange     '0.0.6',
56 silly addNameRange     '0.0.7',
56 silly addNameRange     '0.0.8',
56 silly addNameRange     '0.0.9',
56 silly addNameRange     '0.1.0',
56 silly addNameRange     '0.1.1',
56 silly addNameRange     '0.1.2',
56 silly addNameRange     '0.1.3',
56 silly addNameRange     '0.1.4',
56 silly addNameRange     '0.1.5',
56 silly addNameRange     '0.1.6',
56 silly addNameRange     '0.1.7',
56 silly addNameRange     '0.1.8',
56 silly addNameRange     '0.1.9',
56 silly addNameRange     '0.1.10',
56 silly addNameRange     '0.1.11',
56 silly addNameRange     '0.1.12',
56 silly addNameRange     '0.1.13',
56 silly addNameRange     '0.1.14',
56 silly addNameRange     '2.2.0',
56 silly addNameRange     '2.3.0',
56 silly addNameRange     '2.3.1',
56 silly addNameRange     '2.3.2',
56 silly addNameRange     '2.3.3',
56 silly addNameRange     '2.3.5',
56 silly addNameRange     '2.3.6',
56 silly addNameRange     '2.4.0',
56 silly addNameRange     '2.4.1',
56 silly addNameRange     '2.4.2',
56 silly addNameRange     '2.4.3',
56 silly addNameRange     '2.4.4',
56 silly addNameRange     '2.4.5',
56 silly addNameRange     '2.4.6',
56 silly addNameRange     '2.4.7',
56 silly addNameRange     '2.4.8',
56 silly addNameRange     '2.4.9',
56 silly addNameRange     '2.4.10',
56 silly addNameRange     '2.5.0',
56 silly addNameRange     '2.5.2',
56 silly addNameRange     '2.5.3',
56 silly addNameRange     '2.5.4',
56 silly addNameRange     '2.5.5',
56 silly addNameRange     '2.6.0',
56 silly addNameRange     '2.6.1',
56 silly addNameRange     '2.6.2',
56 silly addNameRange     '2.7.0-rc.1',
56 silly addNameRange     '2.7.1-rc.1',
56 silly addNameRange     '2.7.2',
56 silly addNameRange     '2.7.3',
56 silly addNameRange     '2.7.4',
56 silly addNameRange     '2.8.0',
56 silly addNameRange     '2.8.1',
56 silly addNameRange     '2.8.2',
56 silly addNameRange     '2.8.3',
56 silly addNameRange     '2.8.4',
56 silly addNameRange     '2.8.5',
56 silly addNameRange     '2.8.6',
56 silly addNameRange     '2.8.7',
56 silly addNameRange     '2.8.8',
56 silly addNameRange     '2.8.9',
56 silly addNameRange     '2.8.10',
56 silly addNameRange     '2.8.11',
56 silly addNameRange     '2.8.12',
56 silly addNameRange     '2.8.13',
56 silly addNameRange     '2.8.14',
56 silly addNameRange     '2.8.15',
56 silly addNameRange     '2.8.16',
56 silly addNameRange     '2.8.17',
56 silly addNameRange     '2.8.18',
56 silly addNameRange     '2.8.19',
56 silly addNameRange     '2.8.20',
56 silly addNameRange     '2.8.21',
56 silly addNameRange     '2.8.22',
56 silly addNameRange     '2.8.23',
56 silly addNameRange     '2.8.24',
56 silly addNameRange     '2.8.25',
56 silly addNameRange     '2.9.0',
56 silly addNameRange     '2.9.1',
56 silly addNameRange     '2.9.2',
56 silly addNameRange     '2.9.3',
56 silly addNameRange     '2.9.4',
56 silly addNameRange     '2.9.5',
56 silly addNameRange     '2.9.6',
56 silly addNameRange     '2.9.7',
56 silly addNameRange     '3.0.0-rc1',
56 silly addNameRange     '3.0.0-rc1-1',
56 silly addNameRange     '3.0.0-rc1-3',
56 silly addNameRange     '3.0.0',
56 silly addNameRange     '3.0.1',
56 silly addNameRange     '3.0.2',
56 silly addNameRange     '3.0.3',
56 silly addNameRange     '3.0.4',
56 silly addNameRange     '3.0.5',
56 silly addNameRange     '3.0.6',
56 silly addNameRange     '3.0.7',
56 silly addNameRange     '3.0.8',
56 silly addNameRange     '3.0.9',
56 silly addNameRange     '3.0.10',
56 silly addNameRange     '3.1.0-0.1.0',
56 silly addNameRange     '3.1.0-0.2.0',
56 silly addNameRange     '3.2.0-rc.1',
56 silly addNameRange     '3.2.0-0.1.0',
56 silly addNameRange     '3.2.0-0.2.0',
56 silly addNameRange     '3.2.0-0.3.0',
56 silly addNameRange     '3.2.0-0.4.0',
56 silly addNameRange     '3.3.0-rc.1',
56 silly addNameRange     '3.3.0-0.1.1',
56 silly addNameRange     '3.3.1-0.1.2',
56 silly addNameRange     '2.9.0-rc1',
56 silly addNameRange     '3.3.1-0.3.0',
56 silly addNameRange     '3.3.1-0.3.1',
56 silly addNameRange     '3.3.1-0.4.1',
56 silly addNameRange     '3.3.1-0.4.2',
56 silly addNameRange     '3.4.0-0.1.0',
56 silly addNameRange     '3.4.0-0.1.1',
56 silly addNameRange     '3.4.0-0.1.2',
56 silly addNameRange     '3.4.0-0.1.3',
56 silly addNameRange     '0.0.0-fake',
56 silly addNameRange     '3.4.1-0.1.0',
56 silly addNameRange     '3.5.0-0.2.0',
56 silly addNameRange     '3.5.0-0.2.1',
56 silly addNameRange     '3.5.0-0.2.2',
56 silly addNameRange     '3.5.0-0.2.3',
56 silly addNameRange     '3.5.0-0.2.4',
56 silly addNameRange     '3.5.0-0.2.6',
56 silly addNameRange     '3.5.0-0.2.7',
56 silly addNameRange     '3.6.0-0.2.8',
56 silly addNameRange     '3.6.0-0.2.9',
56 silly addNameRange     '3.6.1-0.2.10',
56 silly addNameRange     '3.6.3-0.2.11',
56 silly addNameRange     '3.6.3-0.2.12',
56 silly addNameRange     '3.6.3-0.2.13',
56 silly addNameRange     '4.0.0',
56 silly addNameRange     '4.0.1',
56 silly addNameRange     '4.1.0',
56 silly addNameRange     '4.1.1',
56 silly addNameRange     '4.1.2',
56 silly addNameRange     '4.1.3-nightly.2014.10.21',
56 silly addNameRange     '4.2.0',
56 silly addNameRange     '4.3.0',
56 silly addNameRange     '5.0.0',
56 silly addNameRange     '4.3.1',
56 silly addNameRange     '5.1.1' ] ]
57 verbose addNamed [ 'cordova', '5.1.1' ]
58 verbose addNamed [ '5.1.1', '5.1.1' ]
59 silly lockFile c5c08e8f-cordova-5-1-1 cordova@5.1.1
60 verbose lock cordova@5.1.1 /home/casita/.npm/c5c08e8f-cordova-5-1-1.lock
61 silly lockFile c5c08e8f-cordova-5-1-1 cordova@5.1.1
62 silly lockFile c5c08e8f-cordova-5-1-1 cordova@5.1.1
63 silly lockFile de8d9fad-cordova cordova@
64 silly lockFile de8d9fad-cordova cordova@
65 silly resolved [ { name: 'ionic',
65 silly resolved     version: '1.6.1',
65 silly resolved     preferGlobal: true,
65 silly resolved     description: 'A tool for creating and developing Ionic Framework mobile apps.',
65 silly resolved     homepage: 'http://ionicframework.com/',
65 silly resolved     bin: { ionic: 'bin/ionic' },
65 silly resolved     scripts:
65 silly resolved      { bump: 'node lib/tasks/bumpversion',
65 silly resolved        'beta-bump': 'node lib/tasks/bumpversion --level pre --identifier beta',
65 silly resolved        'publish-release': 'node lib/tasks/bumpversion --npmPublish',
65 silly resolved        'publish-tag': 'node lib/tasks/bumpversion --level beta --npmPublishTag',
65 silly resolved        'full-release': 'node lib/tasks/bumpversion --npmInstall --git --npmPublish',
65 silly resolved        test: 'npm run jasmine',
65 silly resolved        e2e: 'jasmine-node --captureExceptions ./e2e',
65 silly resolved        jasmine: 'jasmine-node --captureExceptions  ./spec' },
65 silly resolved     keywords:
65 silly resolved      [ 'ionic',
65 silly resolved        'ionic framework',
65 silly resolved        'ionicframework',
65 silly resolved        'mobile',
65 silly resolved        'app',
65 silly resolved        'hybrid',
65 silly resolved        'cordova',
65 silly resolved        'phonegap' ],
65 silly resolved     repository:
65 silly resolved      { type: 'git',
65 silly resolved        url: 'https://github.com/driftyco/ionic-cli.git' },
65 silly resolved     contributors: [ [Object], [Object], [Object], [Object] ],
65 silly resolved     license: 'MIT',
65 silly resolved     dependencies:
65 silly resolved      { async: '^0.9.0',
65 silly resolved        cheerio: '^0.19.0',
65 silly resolved        'cli-table': '^0.3.1',
65 silly resolved        colors: '0.6.2',
65 silly resolved        connect: '3.1.1',
65 silly resolved        'connect-livereload': '0.5.2',
65 silly resolved        crc: '3.2.1',
65 silly resolved        'cross-spawn': '0.2.3',
65 silly resolved        'event-stream': '3.0.x',
65 silly resolved        finalhandler: '0.2.0',
65 silly resolved        'form-data': '0.1.4',
65 silly resolved        gulp: '3.8.8',
65 silly resolved        'ionic-app-lib': '0.3.3',
65 silly resolved        ncp: '0.4.2',
65 silly resolved        npm: '2.1.3',
65 silly resolved        'opbeat-ionic': '^1.1.3',
65 silly resolved        open: '0.0.5',
65 silly resolved        optimist: '0.6.0',
65 silly resolved        progress: '1.1.7',
65 silly resolved        prompt: '0.2.12',
65 silly resolved        'proxy-middleware': '^0.7.0',
65 silly resolved        q: '1.0.1',
65 silly resolved        request: '2.51.0',
65 silly resolved        semver: '^4.2.0',
65 silly resolved        'serve-static': '1.7.1',
65 silly resolved        shelljs: '0.2.6',
65 silly resolved        'tiny-lr-fork': '0.0.5',
65 silly resolved        underscore: '~1.7.0',
65 silly resolved        unzip: '0.1.9',
65 silly resolved        'vinyl-fs': '0.3.7',
65 silly resolved        xml2js: '0.4.4' },
65 silly resolved     devDependencies: { 'jasmine-node': '^1.14.5' },
65 silly resolved     readme: '[![Circle CI](https://circleci.com/gh/driftyco/ionic-cli.svg?style=svg)](https://circleci.com/gh/driftyco/ionic-cli)\n\nIonic-Cli\n=========\n\nThe Ionic Framework command line utility makes it easy to start, build, run, and emulate [Ionic](http://ionicframework.com/) apps. In the future, it will also have support for our mobile development services and tools that make Ionic even more powerful.\n\nUse the `ionic --help` command for more detailed task information.\n\n## Installing\n\n```bash\n$ npm install -g ionic\n```\n\n*Note: For a global install of `-g ionic`, OSX/Linux users may need to prefix the command with `sudo` or can setup [proper file permissions on OSX for npm](http://www.johnpapa.net/how-to-use-npm-global-without-sudo-on-osx/) to install without `sudo`. *\n\n\n## Starting an Ionic App\n\n```bash\n$ ionic start myapp [template]\n```\n\nStarter templates can either come from a named template, a Github repo, a Codepen, or a local directory. A starter template is what becomes the `www` directory within the Cordova project.\n\n__Named template starters:__\n\n* [tabs](https://github.com/driftyco/ionic-starter-tabs) (Default)\n* [sidemenu](https://github.com/driftyco/ionic-starter-sidemenu)\n* [maps](https://github.com/driftyco/ionic-starter-maps)\n* [salesforce](https://github.com/driftyco/ionic-starter-salesforce)\n* [tests](https://github.com/driftyco/ionic-starter-tests)\n* [complex-list](https://github.com/driftyco/ionic-starter-complex-list)\n* [blank](https://github.com/driftyco/ionic-starter-blank)\n\n__Github Repo starters:__\n\n* Any Github repo url, ex: [https://github.com/driftyco/ionic-starter-tabs](https://github.com/driftyco/ionic-starter-tabs)\n* Named templates are simply aliases to Ionic starter repos\n\n__Codepen URL starters:__\n\n* Any Codepen url, ex: [http://codepen.io/ionic/pen/odqCz](http://codepen.io/ionic/pen/odqCz)\n* [Ionic Codepen Demos](http://codepen.io/ionic/public-list/)\n\n__Plunker URL starters:__\n\n* Any Plunker url, ex: [http://embed.plnkr.co/dFvL8n/preview](http://embed.plnkr.co/dFvL8n/preview)\n\n__Local directory starters:__\n\n* Relative or absolute path to a local directory\n\n__Command-line flags/options:__\n\n    [--appname|-a]  .......  Human readable name for the app\n                             (Use quotes around the name)\n    [--id|-i]  ............  Package name set in the <widget id> config\n                             ex: com.mycompany.myapp\n    [--no-cordova|-w]  ....  Do not create an app targeted for Cordova\n    [--sass|-s] ...........  Setup the project to use Sass CSS precompiling\n    [--list|-l]  ..........  List starter templates available\n    \n    [--io-app-id] .........  The Ionic.io app ID to use\n\n## Adding a platform target\n\n```bash\n$ ionic platform ios android\n```\n\n## Testing in a Browser\n\nUse `ionic serve` to start a local development server for app dev and testing. This is useful for both desktop browser testing, and to test within a device browser which is connected to the same network. Additionally, this command starts LiveReload which is used to monitor changes in the file system. As soon as you save a file the browser is refreshed automatically. View [Using Sass](https://github.com/driftyco/ionic-cli/blob/master/README.md#using-sass) if you would also like to have `ionic serve` watch the project\'s Sass files.\n\n```bash\n$ ionic serve [options]\n```\n\n## Building your app\n\n```bash\n$ ionic build ios\n```\n\n## Live Reload App During Development (beta)\n\nThe `run` or `emulate` command will deploy the app to the specified platform devices/emulators. You can also run __live reload__ on the specified platform device by adding the `--livereload` option. The live reload functionality is similar to `ionic serve`, but instead of developing and debugging an app using a standard browser, the compiled hybrid app itself is watching for any changes to its files and reloading the app when needed. This reduces the requirement to constantly rebuild the app for small changes. However, any changes to plugins will still require a full rebuild. For live reload to work, the dev machine and device must be on the same local network, and the device must support [web sockets](http://caniuse.com/websockets).\n\nWith live reload enabled, an app\'s console logs can also be printed to the terminal/command prompt by including the `--consolelogs` or `-c` option. Additionally, the development server\'s request logs can be printed out using `--serverlogs` or `-s` options.\n\n__Command-line flags/options for `run` and `emulate`:__\n\n    [--livereload|-l] .......  Live Reload app dev files from the device (beta)\n    [--consolelogs|-c] ......  Print app console logs to Ionic CLI (live reload req.)\n    [--serverlogs|-s] .......  Print dev server logs to Ionic CLI (live reload req.)\n    [--port|-p] .............  Dev server HTTP port (8100 default, live reload req.)\n    [--livereload-port|-i] ..  Live Reload port (35729 default, live reload req.)\n    [--all|-a] ..............  Specify to run on all addresses, 0.0.0.0, so you can view externally\n    [--browser|-w] ..........  Specifies the browser to use (safari, firefox, chrome)\n    [--browseroption|-o] ....  Specifies a path to open to (/#/tab/dash)\n    [--debug|--release]\n\nWhile the server is running for live reload, you can use the following commands within the CLI:\n\n    restart or r to restart the client app from the root\n    goto or g and a url to have the app navigate to the given url\n    consolelogs or c to enable/disable console log output\n    serverlogs or s to enable/disable server log output\n    quit or q to shutdown the server and exit\n\n\n## Emulating your app\n\nDeploys the Ionic app on specified platform emulator. This is simply an alias for `run --emulator`.\n\n```bash\n$ ionic emulate ios [options]\n```\n\n## Running your app\n\nDeploys the Ionic app on specified platform devices. If a device is not found it\'ll then deploy to an emulator/simulator.\n\n```bash\n$ ionic run ios [options]\n```\n\n## Icon and Splash Screen Image Generation\n\n[Automatically generate icons and splash screens](http://ionicframework.com/blog/automating-icons-and-splash-screens/) from source images to create each size needed for each platform, in addition to copying each resized and cropped image into each platform\'s resources directory. Source images can either be a `png`, `psd` __Photoshop__ or `ai` __Illustrator__ file. Images are generated using Ionic\'s image resizing and cropping server, instead of requiring special libraries and plugins to be installed locally.\n\nSince each platform has different image requirements, it\'s best to make a source image for the largest size needed, and let the CLI do all the resizing, cropping and copying for you. Newly generated images will be placed in the `resources` directory at the root of the Cordova project. Additionally, the CLI will update and add the correct `<platform>` configs to the project\'s [config.xml](http://cordova.apache.org/docs/en/edge/config_ref_images.md.html#Icons%20and%20Splash%20Screens) file.\n\nDuring the build process, Cordova (v3.6 or later) will look through the project\'s [config.xml](http://cordova.apache.org/docs/en/edge/config_ref_images.md.html#Icons%20and%20Splash%20Screens) file and copy the newly created resource images to the platform\'s specific resource folder. For example, Android\'s resource folder can be found in `platforms/android/res`, and iOS uses `platforms/ios/APP_NAME/Resources`.\n\n\n### Icon Source Image\n\nSave an `icon.png`, `icon.psd` or `icon.ai` file within the `resources` directory at the root of the Cordova project. The icon image\'s minimum dimensions should be 192x192 px, and should have __no__ rounded corners. Note that each platform will apply it\'s own mask and effects to the icons. For example, iOS will automatically apply it\'s custom rounded corners, so the source file should not already come with rounded corners. This [Photoshop icon template](http://code.ionicframework.com/resources/icon.psd) provides the recommended size and guidelines of the artwork\'s safe zone.\n\n```bash\n$ ionic resources --icon\n```\n\n- [Photoshop Icon Template](http://code.ionicframework.com/resources/icon.psd)\n\n\n### Splash Screen Source Image\n\nSave a `splash.png`, `splash.psd` or `splash.ai` file within the `resources` directory at the root of the Cordova project. Splash screen dimensions vary for each platform, device and orientation, so a square source image is required the generate each of various sizes. The source image\'s minimum dimensions should be 2208x2208 px, and its artwork should be centered within the square, knowning that each generated image will be center cropped into landscape and portait images. The splash screen\'s artwork should roughly fit within a center square (1200x1200 px). This [Photoshop splash screen template](http://code.ionicframework.com/resources/splash.psd) provides the recommended size and guidelines of the artwork\'s safe zone. Additionally, when the `Orientation` [preference config](http://cordova.apache.org/docs/en/edge/config_ref_index.md.html#The%20config.xml%20File_global_preferences) is set to either `landscape` or `portrait` mode, then only the necessary images will be generated.\n\n```bash\n$ ionic resources --splash\n```\n\n- [Photoshop Splash Screen Template](http://code.ionicframework.com/resources/splash.psd)\n\n\n### Generating Icons and Splash Screens\n\nTo generate both icons and splash screens, follow the instructions above and run:\n\n```bash\n$ ionic resources\n```\n\n### Platform Specific Resource Images\n\nOne source image can be used to generate images for each platform by placing the file within the `resources` directory, such as `resources/icon.png`. To use different source images for individual platforms, place the source image in the respective platform\'s directory. For example, to use a different icon for Android, it should follow this path: `resources/android/icon.png`, and a different image for iOS would use this path: `resources/ios/icon.png`.\n\n### Generating Exact Platform Resources\n\nBy default the `ionic resources` command will automatically figure out which platforms it should generate according to what platforms have been added to your project. However, you can also explicitly state which resources should be built by providing a platform name in the command. The example below would generate only `ios` resources (even if the platform hasn\'t been added to the project).\n\n```bash\n$ ionic resources ios\n```\n\n### Default Ionic Resources\n\nIonic provides you some default icons and splash screens to give you a better idea of how to size your icons and splashscreen, as well as how to modify your config.xml file for your own icons.\n\n```bash\n$ ionic resources --default\n```\n\nIf you already have a resources directory, the command above will not over write your files. If you wish to force an over write, use `ionic resources --default --force`.\n\nWhen starting a new app and adding a platform `ionic platform add ios` - the default icons and splashscreens will be downloaded and your config.xml will be modified to set up the default resources. This should help you identify your Ionic apps easier as well as help you get the file structure and configuration correct.\n\n\n## Crosswalk for Android\n\nIn v1.3.0 and later, you can now specify which browser to use in your Cordova Android projects. Currently we only support [Crosswalk](https://crosswalk-project.org/) and have plans to support more browsers later.\n\nExecute `ionic browser add crosswalk` to add the Crosswalk browser to your Android project. By default, this will install the `12.41.296.5` version of Crosswalk.\n\nIf you\'d like to specify a different version of Crosswalk, run `ionic browser list` to see which browsers are available and what versions. Then run `ionic browser add crosswalk@10.39.235.15`.\n\nAll that is left is to run the project as normal - `ionic run android`.\n\nIf you\'d like to build without Crosswalk for Android SDK 21 or later, do the following:\n\n```\nionic browser revert android\nionic build android --release -- --minSdkVersion 21\n```\n\n## Advanced serve options\n\n__LiveReload__\n\nBy default, LiveReload will watch for changes in your `www/` directory,\nexcluding `www/lib/`.  To change this, you can specify a `watchPatterns`\nproperty in the `ionic.project` file located in your project root to watch\n(or not watch) for specific changes.\n\n```json\n{\n  "name": "myApp",\n  "app_id": "",\n  "watchPatterns": [\n    "www/js/*",\n    "!www/css/**/*"\n  ]\n}\n```\n\nFor a reference on glob pattern syntax, check out\n[globbing patterns](http://gruntjs.com/configuring-tasks#globbing-patterns) on\nthe Grunt website.\n\n__Gulp Integration__\n\nWhen running `ionic serve`, you can have Ionic run any Gulp tasks you specify by putting them into your `ionic.project` as a `gulpStartupTasks` property as follows:\n\n```json\n{\n  "name": "SmoothRiders",\n   "gulpStartupTasks": [\n    "watch"\n  ]\n}\n\n```\n\nNow, when you run `ionic serve`, it will run the `watch` task while starting the Ionic server.\n\nIf you would like to disable gulp from running during serve, pass the `--nogulp` option.\n\nNOTE:\n\n```bash\n$ ionic setup sass\n```\n\nwill add a `watchPatterns` propery with the default values to your `ionic.project`\nfile that you can then edit, in addition to the `gulpStartupTasks` property\ndescribed in the [Using Sass](https://github.com/driftyco/ionic-cli/blob/master/README.md#using-sass) section.\n\n\n__Service Proxies:__\n\nThe `serve` command can add some proxies to the http server. These proxies are useful if you are developing in the browser and you need to make calls to an external API. With this feature you can proxy request to the external api through the ionic http server preventing the `No \'Access-Control-Allow-Origin\' header is present on the requested resource` error.\n\nIn the `ionic.project` file you can add a property with an array of proxies you want to add. The proxies are object with the following properties:\n\n* `path`: string that will be matched against the beginning of the incoming request URL.\n* `proxyUrl`: a string with the url of where the proxied request should go.\n* `proxyNoAgent`: (optional) true/false, if true opts out of connection pooling, see [HttpAgent](http://nodejs.org/api/http.html#http_class_http_agent)\n\n```json\n{\n  "name": "appname",\n  "email": "",\n  "app_id": "",\n  "proxies": [\n    {\n      "path": "/v1",\n      "proxyUrl": "https://api.instagram.com/v1"\n    }\n  ]\n}\n\n```\n\nUsing the above configuration, you can now make requests to your local server at `http://localhost:8100/v1` to have it proxy out requests to `https://api.instagram.com/v1`\n\nFor example:\n\n```js\nangular.module(\'starter.controllers\', [])\n.constant(\'InstagramApiUrl\', \'\')\n// .contant(\'InstagramApiUrl\',\'https://api.instagram.com\')\n//In production, make this the real URL\n\n.controller(\'FeedCtrl\', function($scope, $http, InstagramApiUrl) {\n\n  $scope.feed = null;\n\n  $http.get(InstagramApiUrl + \'/v1/media/search?client_id=1&lat=48&lng=2.294351\').then(function(data) {\n    console.log(\'data \' , data)\n    $scope.feed = data;\n  })\n\n})\n```\n\nSee also [this gist](https://gist.github.com/jbavari/d9c1c94058c4fdd4e935) for more help.\n\n__Command-line flags/options:__\n\n    [--consolelogs|-c] ......  Print app console logs to Ionic CLI\n    [--serverlogs|-s] .......  Print dev server logs to Ionic CLI\n    [--port|-p] .............  Dev server HTTP port (8100 default)\n    [--livereload-port|-i] ..  Live Reload port (35729 default)\n    [--nobrowser|-b] ........  Disable launching a browser\n    [--nolivereload|-r] .....  Do not start live reload\n    [--noproxy|-x] ..........  Do not add proxies\n    [--address] .............  Serves in the browser at the specified address\n    [--lab] .................  Serves both iOS and Android in the browser\n    [--nogulp] ..............  Serve without running gulp tasks\n    [--platform|-t] .........  Serve the platform specific styles in the browser (ios/android)\n\n## Using Ionic Labs\n\nWe\'ve extended the serve command to open the new Lab UI that features iOS and Android side-by-side.\n\n```bash\n$ ionic serve --lab\n```\n\nIf you\'ve used the serve command before, you\'ll feel right at home with this one. Just like serve, it opens your app in a browser, but now it shows you what your app will look like on a phone, with both iOS and Android side by side.\n\nAnd of course, it supports Live Reload and all the other goodies we\'ve added over the last couple of months.\n\n## Serving an alternate document root\n\nIf you\'d like to test your app in the browser and you use a folder other than the default of `www`, you can specify this folder in your `ionic.project` file.\n\nYou might also want to have the document root be created if you use some sort of build system, we suggest using `createDocumentRoot` for that so that `ionic serve` will create that folder for you.\n\nIt is also advised you specify the watch patterns for this document root as well, as follows:\n\n```json\n{\n  "name": "SmoothRiders",\n   "gulpStartupTasks": [\n    "watch"\n  ],\n  "documentRoot": "app",\n  "createDocumentRoot": "app",\n  "watchPatterns": [\n    "app/js/*",\n    "!app/css/**/*"\n  ]\n}\n\n```\n\n## Update Ionic lib\n\nUpdate Ionic library files, which are found in the `www/lib/ionic` directory. If bower is being used\nby the project, this command will automatically run `bower update ionic`, otherwise this command updates\nthe local static files from Ionic\'s CDN.\n\n```bash\n$ ionic lib update\n```\n*Note: Using bower? This command does not update Ionic\'s dependencies. Run `bower update` to update Ionic and all of it\'s dependencies defined in `bower.json`.*\n\n## Packaging an app (beta)\n\nUsing Ionic\'s service, you can compile and package your project into an app-store ready app without\nrequiring native SDKs on your machine.\n\n```bash\n$ ionic package debug android\n```\n\nThe third argument can be either `debug` or `release`, and the last argument can be either `android` or `ios`.\n\n\n## Cordova Commands\n\nIonic uses Cordova underneath, so you can also substitute Cordova commands to prepare/build/emulate/run, or to add additional plugins.\n\n*Note: we occasionally send anonymous usage statistics to the Ionic team to make the tool better.*\n\n## Working around proxies\n\nIf you have a proxy you need to get around, you can pass that proxy with the default `http_proxy` [node environment variable](https://www.npmjs.org/doc/misc/npm-config.html#proxy) or an environment variable `proxy`.\n\nA few ways to set up and use the environment variable:\n\n```bash\nexport http_proxy=internal.proxy.com\n# Or\nexport PROXY=internal.proxy.com\n\nionic start my_app\n\n# Additionally, pass in line\nPROXY=internal.proxy.com ionic start my_app\n```\n\n\n## Using Sass\n\nBy default, starter projects are hooked up to Ionic\'s precompiled CSS file, which is found in the project\'s `www/lib/ionic/css` directory, and is linked to the app in the head of the root `index.html` file. However, Ionic projects can also be customized using [Sass](http://sass-lang.com/), which gives developers and designers "superpowers" in terms of creating and maintaining CSS. Below are two ways to setup Sass for your Ionic project (the `ionic setup sass` command simply does the manual steps for you). Once Sass has been setup for your Ionic project, then the `ionic serve` command will also watch for Sass changes.\n\n#### Setup Sass Automatically\n\n    ionic setup sass\n\n\n#### Setup Sass Manually\n\n1. Run `npm install` from the working directory of an Ionic project. This will install [gulp.js](http://gulpjs.com/) and a few handy tasks, such as [gulp-sass](https://www.npmjs.org/package/gulp-sass) and [gulp-minify-css](https://www.npmjs.org/package/gulp-minify-css).\n2. Remove `<link href="lib/ionic/css/ionic.css" rel="stylesheet">` from the `<head>` of the root `index.html` file.\n3. Remove `<link href="css/style.css" rel="stylesheet">` from the `<head>` of the root `index.html` file.\n4. Add `<link href="css/ionic.app.css" rel="stylesheet">` to the `<head>` of the root `index.html` file.\n5. In the `ionic.project` file, add the JavaScript property `"gulpStartupTasks": ["sass", "watch"]` (this can also be customized to whatever gulp tasks you\'d like).\n\n\n# Ionic.io services\n\nThe CLI supports operations to use backend services for your Ionic app. To get started, [visit the ionic.io homepage](http://ionic.io) and [sign up there](https://apps.ionic.io/signup).\n\nThere are a few things you can utilize the CLI for to support ease of development.\n\n## Login\n\nType `ionic login` to get logged in the CLI.\n\n### Login without prompt\n\nYou can pass the email and password to login without being prompted for email and password.\n\n`ionic login --email user@ionic.io --password somepass`\n\n### Login with environment variables\n\nThe CLI also supports settings environment variables to read off the email and password for the user.\n\nSet `IONIC_EMAIL` and `IONIC_PASSWORD` as variables to have the CLI read these instead of being prompted for them.\n\n## Upload your Ionic app\n\nUse the `ionic upload` command to take your current application you are developing and upload it to the Ionic.io servers. \n\nNow you can use [the ionic view app](http://view.ionic.io/) to view that application or have others view the application.\n\nAfter uploading the application, you will see a message:\n\n\n```\nUploading app....\n\nSuccessfully uploaded (f23j9fjs)\n```\n\nThis indicates you uploaded the application correctly, and the App ID is set to `f23j9fjs`.\n\nYou can then view that App ID from the View app or the application listing on ionic.io.\n\n### Adding a note with your upload\n\nTo add a note to your build, pass the `--note` option as follows: \n\n`ionic upload --note "This version of the application fixes the menu selections"`.\n\n## Set your Ionic Project App ID manually\n\nUse the `ionic link <appId>` command to set your Ionic App ID to continue working with the same app with the Ionic platform across development enviroments.\n\n## Share the application with another user\n\nUse the `ionic share <email>` command to have an email sent to another person to have them view the Ionic application you are using. Note: You must have an ionic.io account as well as the user you are sharing with.\n\n# Ionic Docs\n\nTo get Ionic documentation from the Ionic CLI, try using the `ionic docs` command. The command will look up your currently used Ionic version and open the docs specific for that version. Ex: RC0, RC1, etc.\n\nTo view all docs, `ionic docs ls`.\n\nTo get help with a doc you may not remember, just type the name close enough: `ionic docs list` and you will be prompted for suggestions that may match.\n\n\n# Ionic Hooks\n\nIonic provides some default hooks for you to use in your Cordova application. In versions prior to 1.3.18, these hooks were automatically installed via the `ionic platform` command. \n\nIn 1.3.18, the hooks were automatically removed due to some errors users were having with Crosswalk and other plugins with variables. \n\nIf you were a user who would still like to use those hooks, you can re-install these hooks with the `ionic hooks add` command.\n\nIf you would like to remove these hooks yourself, use `ionic hooks remove` to get rid of them.\n\n\n# Ionic State\n\nIonic now provides a command to help you manage the state of your Ionic application. Previously Cordova hooks were used to save platforms and plugins to your `package.json` file.\n\nNow when using `ionic platform add`, `ionic platform rm`, `ionic plugin add`, or `ionic plugin rm`, the state command will automatically be used to save the platform or plugin state to the `package.json` file.\n\nIf you would like to avoid saving plugins or platforms to the `package.json` file - pass in the `--nosave` option. (`ionic plugin add org.apache.cordova.file --nosave`).\n\nYour package.json file might look something like the following:\n\n```json\n"cordovaPlatforms": [\n  "ios",\n  {\n    "android": {\n      "id": "android",\n      "locator": "https://github.com/apache/cordova-android.git"\n    }\n  }\n],\n"cordovaPlugins": [\n  "org.apache.cordova.device",\n  "org.apache.cordova.console",\n  "com.ionic.keyboard",\n  "org.apache.cordova.splashscreen",\n  {\n    "locator": "https://github.com/MobileChromeApps/cordova-crosswalk-engine.git",\n    "id": "org.cordova.croswalk"\n  },\n  {\n    "locator": "/path/to/cloned/phonegap-facebook-plugin",\n    "id": "",\n    "variables": {\n        "APP_ID": "some_id",\n        "APP_NAME": "some_name"\n    }\n  }\n]\n```\n\n## ionic state save\n\nThe `ionic state save` command does some lookup in your platforms and plugins to save the current state of your cordova application. \n\nFirst it looks in your platforms folder to see which platforms are installed, and saves the name and version in your `package.json` file under the `cordovaPlatforms` attribute.\n\nSecond it looks at your plugins `fetch.json` file to save the plugins installed both from the Cordova registry, locally installed plugins, as well as remote plugins from github or a remote HTTP url.\n\n## ionic state restore\n\nThe `ionic state restore` command looks at the `cordovaPlugins` and `cordovaPlatforms` attributes in your `package.json` file to restore your application with those platforms and plugins.\n\nIn the package.json file, `cordovaPlugins` will be stored as just their `ID` if they are installed from the Cordova registry. However, if they are local or remote, they will be stored as an object with those properties. Also to note, variables are stored for plugins with variables like the Facebook connect plugin.\n\nThe `cordovaPlatforms` follow the same convention of either an `ID` for the platform name, if they are local or remote, they will be stored as an object with those properties.\n\nIf you\'d like, you can populate the `cordovaPlugins` and `cordovaPlatforms` by hand, then use the `ionic state restore` command to get your app ready to go.\n\n## ionic state clear\n\nThe `ionic state clear` method will clear out your platforms and plugins directories, as well as removing the `cordovaPlugins` and `cordovaPlaforms` attributes in your `package.json` file.\n\n## ionic state reset\n\nThe `ionic state reset` method will first remove your platforms and plugins folders. Then it will look at your `package.json` file to re-install the platforms and plugins as specified there.\n\nThis command can be helpful for you to reinstall your plugins and platforms to get a fresh start.\n',
65 silly resolved     readmeFilename: 'README.md',
65 silly resolved     bugs: { url: 'https://github.com/driftyco/ionic-cli/issues' },
65 silly resolved     _id: 'ionic@1.6.1',
65 silly resolved     _from: 'ionic@' },
65 silly resolved   { name: 'cordova',
65 silly resolved     version: '5.1.1',
65 silly resolved     preferGlobal: 'true',
65 silly resolved     description: 'Cordova command line interface tool',
65 silly resolved     main: 'cordova',
65 silly resolved     engines: { node: '>=0.9.9' },
65 silly resolved     engineStrict: true,
65 silly resolved     bin: { cordova: './bin/cordova' },
65 silly resolved     scripts:
65 silly resolved      { test: 'node node_modules/jasmine-node/bin/jasmine-node --captureExceptions --color spec',
65 silly resolved        cover: 'node node_modules/istanbul/lib/cli.js cover --root src --print detail node_modules/jasmine-node/bin/jasmine-node -- spec' },
65 silly resolved     repository:
65 silly resolved      { type: 'git',
65 silly resolved        url: 'https://git-wip-us.apache.org/repos/asf/cordova-cli.git' },
65 silly resolved     bugs:
65 silly resolved      { url: 'https://issues.apache.org/jira/browse/CB',
65 silly resolved        email: 'dev@cordova.apache.org' },
65 silly resolved     keywords: [ 'cordova', 'client', 'cli' ],
65 silly resolved     dependencies:
65 silly resolved      { 'cordova-lib': '5.1.1',
65 silly resolved        q: '1.0.1',
65 silly resolved        nopt: '3.0.1',
65 silly resolved        underscore: '1.7.0' },
65 silly resolved     devDependencies:
65 silly resolved      { istanbul: '^0.3.4',
65 silly resolved        grunt: '0.4.5',
65 silly resolved        'grunt-retire': '0.3.7',
65 silly resolved        'jasmine-node': '1.14.5' },
65 silly resolved     author: { name: 'Anis Kadri' },
65 silly resolved     contributors:
65 silly resolved      [ [Object],
65 silly resolved        [Object],
65 silly resolved        [Object],
65 silly resolved        [Object],
65 silly resolved        [Object],
65 silly resolved        [Object],
65 silly resolved        [Object],
65 silly resolved        [Object],
65 silly resolved        [Object],
65 silly resolved        [Object],
65 silly resolved        [Object],
65 silly resolved        [Object],
65 silly resolved        [Object],
65 silly resolved        [Object],
65 silly resolved        [Object],
65 silly resolved        [Object],
65 silly resolved        [Object],
65 silly resolved        [Object],
65 silly resolved        [Object],
65 silly resolved        [Object],
65 silly resolved        [Object],
65 silly resolved        [Object],
65 silly resolved        [Object],
65 silly resolved        [Object] ],
65 silly resolved     license: 'Apache version 2.0',
65 silly resolved     readme: '<!--\n#\n# Licensed to the Apache Software Foundation (ASF) under one\n# or more contributor license agreements.  See the NOTICE file\n# distributed with this work for additional information\n# regarding copyright ownership.  The ASF licenses this file\n# to you under the Apache License, Version 2.0 (the\n# "License"); you may not use this file except in compliance\n# with the License.  You may obtain a copy of the License at\n#\n# http://www.apache.org/licenses/LICENSE-2.0\n#\n# Unless required by applicable law or agreed to in writing,\n# software distributed under the License is distributed on an\n# "AS IS" BASIS, WITHOUT WARRANTIES OR CONDITIONS OF ANY\n#  KIND, either express or implied.  See the License for the\n# specific language governing permissions and limitations\n# under the License.\n#\n-->\n\n# cordova-cli\n\n> The command line tool to build, deploy and manage [Cordova](http://cordova.io)-based applications.\n\n[Apache Cordova](http://cordova.io) allows for building native mobile applications using HTML, CSS and JavaScript. This tool helps with management of multi-platform Cordova applications as well as Cordova plugin integration.\n\nCheck out the [Getting Started guides](http://cordova.apache.org/docs/en/edge/) for more details on how to work with Cordova sub-projects.\n\n# Supported Cordova Platforms\n\n- Amazon Fire OS\n- Android\n- BlackBerry 10\n- Firefox OS\n- iOS\n- Ubuntu\n- Windows Phone 8\n- Windows 8\n\n# Requirements\n\n* [Node.js](http://nodejs.org/)\n* SDKs for each platform you wish to support:\n  - **Android**: [Android SDK](http://developer.android.com) - **NOTE** This tool\n    will not work unless you have the absolute latest updates for all\n    Android SDK components. Also you will need the SDK\'s `tools` and `platform-tools` directories on your __system path__ otherwise Android support will fail.\n  - **amazon-fireos**: [Amazon Fire OS SDK](https://developer.amazon.com/public/solutions/platforms/android-fireos/docs/building-and-testing-your-hybrid-app) - **NOTE** This tool will not work unless you have Android SDK installed and paths are updated as mentioned above. In addition you need to install AmazonWebView SDK and copy awv_interface.jar on **Mac/Linux** system to ~/.cordova/lib/commonlibs folder or on **Windows** %USERPROFILE%/.cordova/lib/coomonlibs. If commonlibs folder does not exist then create one.\n  - [Windows Phone SDK](http://dev.windowsphone.com/en-us/downloadsdk) - **NOTE** This tool will not work unless you have `msbuild` on your __system path__ otherwise Windows Phone support will fail (`msbuild.exe` is generally located in `C:\\Windows\\Microsoft.NET\\Framework\\v4.0.30319`).\n  - **BlackBerry 10**: [BlackBerry 10 WebWorks SDK](http://developer.blackberry.com/html5/download/). Make sure you have the `dependencies/tools/bin` folder inside the SDK directory added to your path!\n  - **iOS**: [iOS SDK](http://developer.apple.com) with the latest `Xcode` and `Xcode Command Line Tools`\n  - **Windows Phone**: [Windows Phone SDK](http://dev.windowsphone.com/en-us/downloadsdk) - **NOTE** This tool will not work unless you have `msbuild` on your __system path__ otherwise Windows Phone support will fail (`msbuild.exe` is generally located in `C:\\Windows\\Microsoft.NET\\Framework\\v4.0.30319`).\n\n`cordova-cli` has been tested on **Mac OS X**, **Linux**, **Windows 7**, and **Windows 8**.\n\nPlease note that some platforms have OS restrictions.  For example, you cannot build for Windows 8 or Windows Phone 8 on Mac OS X, nor can you build for iOS on Windows.\n\n# Install\n\nUbuntu packages are available in a PPA for Ubuntu 13.10 (Saucy) (the current release) as well as 14.04 (Trusty) (under development).\n\n    sudo apt-add-repository ppa:cordova-ubuntu/ppa\n    sudo apt-get update\n    sudo apt-get install cordova-cli\n    npm install -g cordova\n\nTo build an application for the Ubuntu platform, the following extra packages are required:\n\n    sudo apt-get install cmake debhelper libx11-dev libicu-dev pkg-config qtbase5-dev qtchooser qtdeclarative5-dev qtfeedback5-dev qtlocation5-dev qtmultimedia5-dev qtpim5-dev qtsensors5-dev qtsystems5-dev\n\n\n## Installing from master\n\nYou\'ll need to install both [CLI](https://git-wip-us.apache.org/repos/asf/cordova-cli.git) and [Plugman](https://git-wip-us.apache.org/repos/asf/cordova-plugman.git) from `git`. Running the *npm version* of one and *(git) master version* of the other is likely to end with you suffering.\n\nTo avoid using sudo, see [Get away from sudo: npm without root](http://justjs.com/posts/npm-link-developing-your-own-npm-modules-without-tears).\n\nRun the following commands:\n\n    git clone https://git-wip-us.apache.org/repos/asf/cordova-plugman.git\n    cd cordova-plugman\n    npm install\n    sudo npm link\n    cd ..\n    git clone https://git-wip-us.apache.org/repos/asf/cordova-cli.git\n    cd cordova-cli\n    npm install\n    sudo npm link\n    npm link plugman\n\nNow the `cordova` and `plugman` in your path are the local git versions. Don\'t forget to keep them up to date!\n\n## Installing on Ubuntu\n\n    apt-get install cordova-cli\n\n\n# Getting Started\n\n`cordova-cli` has a single global `create` command that creates new Cordova projects into a specified directory. Once you create a project, `cd` into it and you can execute a variety of project-level commands. Completely inspired by git\'s interface.\n\n## Global Commands\n\n- `help` display a help page with all available commands\n- `create <directory> [<id> [<name>]]` create a new Cordova project with optional name and id (package name, reverse-domain style)\n\n<a name="project_commands" />\n## Project Commands\n\n- `platform [ls | list]` list all platforms for which the project will build\n- `platform add <platform> [<platform> ...]` add one (or more) platforms as a build target for the project\n- `platform [rm | remove] <platform> [<platform> ...]` removes one (or more) platform build targets from the project\n- `platform [up | update] <platform> ` - updates the Cordova version used for the given platform\n- `plugin [ls | list]` list all plugins included in the project\n- `plugin add <path-to-plugin> [<path-to-plugin> ...]` add one (or more) plugins to the project\n- `plugin [rm | remove] <plugin-name> [<plugin-name> ...]` remove one (or more) plugins from the project.\n- `plugin search [<keyword1> <keyword2> ...]` search the plugin registry for plugins matching the list of keywords\n- `prepare [platform...]` copies files into the specified platforms, or all platforms. It is then ready for building by `Eclipse`, `Xcode`, etc.\n- `compile [platform...]` compiles the app into a binary for each targetted platform. With no parameters, builds for all platforms, otherwise builds for the specified platforms.\n- `build [<platform> [<platform> [...]]]` an alias for `cordova prepare` followed by `cordova compile`\n- `emulate [<platform> [<platform> [...]]]` launch emulators and deploy app to them. With no parameters emulates for all platforms added to the project, otherwise emulates for the specified platforms\n- `serve [port]` launch a local web server allowing you to access each  platform\'s www directory on the given port (default 8000).\n\n### Optional Flags\n\n- `-d` or `--verbose` will pipe out more verbose output to your shell. You can also subscribe to `log` and `warn` events if you are consuming `cordova-cli` as a node module by calling `cordova.on(\'log\', function() {})` or `cordova.on(\'warn\', function() {})`.\n- `-v` or `--version` will print out the version of your `cordova-cli` install.\n\n# Project Directory Structure\nA Cordova application built with `cordova-cli` will have the following directory structure:\n\n    myApp/\n    |-- config.xml\n    |-- hooks/\n    |-- merges/\n    | | |-- android/\n    | | |-- blackberry10/\n    | | `-- ios/\n    |-- www/\n    |-- platforms/\n    | |-- android/\n    | |-- blackberry10/\n    | `-- ios/\n    `-- plugins/\n\n## hooks/\nThis directory may contains scripts used to customize cordova-cli commands. This\ndirectory used to exist at `.cordova/hooks`, but has now been moved to the\nproject root. Any scripts you add to these directories will be executed before\nand after the commands corresponding to the directory name. Useful for\nintegrating your own build systems or integrating with version control systems.\n\nRefer to [hooks\' README.md](https://github.com/apache/cordova-app-hello-world/blob/master/hooks/README.md) for more information.\n\n## merges/\nPlatform-specific web assets (HTML, CSS and JavaScript files) are contained within appropriate subfolders in this directory. These are deployed during a `prepare` to the appropriate native directory.  Files placed under `merges/` will override matching files in the `www/` folder for the relevant platform. A quick example, assuming a project structure of:\n\n    merges/\n    |-- ios/\n    | `-- app.js\n    |-- android/\n    | `-- android.js\n    www/\n    `-- app.js\n\nAfter building the Android and iOS projects, the Android application will contain both `app.js` and `android.js`. However, the iOS application will only contain an `app.js`, and it will be the one from `merges/ios/app.js`, overriding the "common" `app.js` located inside `www/`.\n\n## www/\n\nContains the project\'s web artifacts, such as .html, .css and .js files. These are your main application assets. They will be copied on a `cordova prepare` to each platform\'s www directory.\n\n### Your Blanket: config.xml\n\nThis file is what you should be editing to modify your application\'s metadata. Any time you run any cordova-cli commands, the tool will look at the contents of `config.xml` and use all relevant info from this file to define native application information. cordova-cli supports changing your application\'s data via the following elements inside the `config.xml` file:\n\n- The user-facing name can be modified via the contents of the `<name>` element.\n- The package name (AKA bundle identifier or application id) can be modified via the `id` attribute from the top-level `<widget>` element.\n- The version can be modified via the `version` attribute from the top-level `<widget>` element.\n- The whitelist can be modified using the `<access>` elements. Make sure the `origin` attribute of your `<access>` element points to a valid URL (you can use `*` as wildcard). For more information on the whitelisting syntax, see the [docs.phonegap.com](http://docs.phonegap.com/en/2.2.0/guide_whitelist_index.md.html#Domain%20Whitelist%20Guide). You can use either attribute `uri` ([BlackBerry-proprietary](https://developer.blackberry.com/html5/documentation/access_element_834677_11.html)) or `origin` ([standards-compliant](http://www.w3.org/TR/widgets-access/#attributes)) to denote the domain.\n- Platform-specific preferences can be customized via `<preference>` tags. See [docs.phonegap.com](http://docs.phonegap.com/en/2.3.0/guide_project-settings_index.md.html#Project%20Settings) for a list of preferences you can use.\n- The entry/start page for your application can be defined via the `<content src>` element + attribute.\n\n## platforms/\nPlatforms added to your application will have the native application project structures laid out within this directory.\n\n## plugins/\nAny added plugins will be extracted or copied into this directory.\n\n# Hooks\n\nProjects created by cordova-cli have `before` and `after` hooks for each [project command](#project_commands).\n\nThere are two types of hooks: project-specific ones and module-level ones. Both of these types of hooks receive the project root folder as a parameter.\n\n## Project-specific Hooks\n\nThese are located under the `hooks` directory in the root of your Cordova project. Any scripts you add to these directories will be executed before and after the appropriate commands. Useful for integrating your own build systems or integrating with version control systems. __Remember__: make your scripts executable.\n\n### Examples\n\n- [`before_build` hook for jade template compiling](https://gist.github.com/4100866) courtesy of [dpogue](http://github.com/dpogue)\n\n## Module-level Hooks\n\nIf you are using cordova-cli as a module within a larger **Node** application, you can also use the standard `EventEmitter` methods to attach to the events. The events include `before_build`, `before_compile`, `before_docs`, `before_emulate`, `before_run`, `before_platform_add`, `before_library_download`, `before_platform_ls`, `before_platform_rm`, `before_plugin_add`, `before_plugin_ls`, `before_plugin_rm` and `before_prepare`. There is also a `library_download` progress event. Additionally, there are `after_` flavours of all the above events.\n\nOnce you `require(\'cordova\')` in your Node project, you will have the usual `EventEmitter` methods available (`on`, `off` or `removeListener`, `removeAllListeners`, and `emit` or `trigger`).\n\n# Examples\n\n## Creating a new Cordova project\nThis example shows how to create a project from scratch named KewlApp with iOS and Android platform support, and includes a plugin named Kewlio. The project will live in ~/KewlApp\n\n    cordova create ~/KewlApp KewlApp\n    cd ~/KewlApp\n    cordova platform add ios android\n    cordova plugin add http://example.org/Kewlio-1.2.3.tar.gz\n    cordova build\n\nThe directory structure of KewlApp now looks like this:\n\n    KewlApp/\n    |-- hooks/\n    |-- merges/\n    | |-- android/\n    | `-- ios/\n    |-- www/\n    | `-- index.html\n    |-- platforms/\n    | |-- android/\n    | | `-- \n    | `-- ios/\n    |   `-- \n    `-- plugins/\n      `-- Kewlio/\n\n# Contributing\n\n## Running Tests\n\n    npm test\n\n## Get test coverage reports\n\n    npm run cover\n\n## TO-DO + Issues\n\nPlease check [Cordova issues with the CLI Component](http://issues.cordova.io). If you find issues with this tool, please be so kind as to include relevant information needed to debug issues such as:\n\n- Your operating system and version\n- The application name, directory location, and identifier used with `create`\n- Which mobile SDKs you have installed, and their versions. Related to this: which `Xcode` version if you are submitting issues related to iOS\n- Any error stack traces you received\n\n## Contributors\n\nThanks to everyone for contributing! For a list of people involved, please see the `package.json` file.\n\n\n# Known Issues and Troubleshooting\n\n## Any OS\n\n### Proxy Settings\n\n`cordova-cli` will use `npm`\'s proxy settings. If you downloaded cordova-cli via `npm` and are behind a proxy, chances are cordova-cli should work for you as it will use those settings in the first place. Make sure that the `https-proxy` and `proxy` npm config variables are set properly. See [npm\'s configuration documentation](https://npmjs.org/doc/config.html) for more information.\n\n## Windows\n\n### Trouble Adding Android as a Platform\n\nWhen trying to add a platform on a Windows machine if you run into the following error message:\n    Cordova library for "android" already exists. No need to download. Continuing.\n    Checking if platform "android" passes minimum requirements...\n    Checking Android requirements...\n    Running "android list target" (output to follow)\n\n    Error: The command `android` failed. Make sure you have the latest Android SDK installed, and the `android` command (inside the tools/ folder) added t\n    o your path. Output:\n    at C:\\Users\\me\\AppData\\Roaming\\npm\\node_modules\\cordova\\src\\platform.js:185:42\n    at C:\\Users\\me\\AppData\\Roaming\\npm\\node_modules\\cordova\\src\\metadata\\android_parser.js:50:13\n    at C:\\Users\\me\\AppData\\Roaming\\npm\\node_modules\\cordova\\node_modules\\shelljs\\shell.js:1707:7\n    at exithandler (child_process.js:633:7)\n    at ChildProcess.errorhandler (child_process.js:649:5)\n    at ChildProcess.EventEmitter.emit (events.js:95:17)\n    at Process.ChildProcess._handle.onexit (child_process.js:787:12)\n\nrun the command `android list target`.  If you see:\n\n    \'xcopy\' is not recognized as an internal or external command,\n    operable program or batch file.\n\nat the beginning of the command output, it means you will need to fix your Windows Path variable to include xcopy. This location is typically under C:\\Windows\\System32.\n\n## Windows 8\n\nWindows 8 support does not include the ability to launch/run/emulate, so you will need to open **Visual Studio** to see your app live.  You are still able to use the following commands with windows8:\n\n- `platform add windows8`\n- `platform remove windows8`\n- `prepare windows8`\n- `compile windows8`\n- `build windows8`\n\nTo run your app, you will need to open the `.sln` in the `platforms/windows8` folder using **Visual Studio 2012**.\n\n**Visual Studio** will tell you to reload the project if you run any of the above commands while the project is loaded.\n\n## Amazon Fire OS\n\nAmazon Fire OS does not include the ability to emulate. You are still able to use the following commands with Amazon Fire OS\n\n- `platform add amazon-fireos`\n- `platform remove amazon-fireos`\n- `prepare amazon-fireos`\n- `compile amazon-fireos`\n- `build amazon-fireos`\n\n## Ubuntu\n\nThe initial release of cordova-ubuntu does not support building applications for armhf devices automatically. It is possible to produce applications and click packages in a few steps though.\n\nThis bug report documents the issue and solutions for it: https://bugs.launchpad.net/ubuntu/+source/cordova-ubuntu/+bug/1260500 A future release will let developers cross-compile armhf click packages directly from an x86 desktop.\n\n## Firefox OS\n\nFirefox OS does not include the ability to emulate, run and serve. After building, you will have to open the `firefoxos` platform directory of your app in the [WebIDE](https://developer.mozilla.org/docs/Tools/WebIDE) that comes with every Firefox browser. You can keep this window open and click on the "play" button every time you finished building your app.\n',
65 silly resolved     readmeFilename: 'README.md',
65 silly resolved     _id: 'cordova@5.1.1',
65 silly resolved     _from: 'cordova@' } ]
66 info install ionic@1.6.1 into /usr/local/lib
67 info install cordova@5.1.1 into /usr/local/lib
68 info installOne ionic@1.6.1
69 info installOne cordova@5.1.1
70 info /usr/local/lib/node_modules/ionic unbuild
71 info /usr/local/lib/node_modules/cordova unbuild
72 info preuninstall ionic@1.6.1
73 info uninstall ionic@1.6.1
74 info preuninstall cordova@5.1.1
75 verbose true,/usr/local/lib/node_modules,/usr/local/lib/node_modules unbuild ionic@1.6.1
76 verbose /usr/local/bin,[object Object] binRoot
77 info uninstall cordova@5.1.1
78 info /usr/local/lib/node_modules/ionic unbuild
79 verbose true,/usr/local/lib/node_modules,/usr/local/lib/node_modules unbuild cordova@5.1.1
80 verbose /usr/local/bin,[object Object] binRoot
81 info /usr/local/lib/node_modules/cordova unbuild
82 info preuninstall ionic@1.6.1
83 info uninstall ionic@1.6.1
84 info preuninstall cordova@5.1.1
85 verbose true,/usr/local/lib/node_modules,/usr/local/lib/node_modules unbuild ionic@1.6.1
86 verbose /usr/local/bin,[object Object] binRoot
87 info uninstall cordova@5.1.1
88 error error rolling back Error: EACCES, unlink '/usr/local/bin/ionic'
88 error error rolling back  ionic@1.6.1 { [Error: EACCES, unlink '/usr/local/bin/ionic'] errno: 3, code: 'EACCES', path: '/usr/local/bin/ionic' }
89 error Error: EACCES, unlink '/usr/local/bin/ionic'
89 error  { [Error: EACCES, unlink '/usr/local/bin/ionic'] errno: 3, code: 'EACCES', path: '/usr/local/bin/ionic' }
90 error Please try running this command again as root/Administrator.
91 error System Linux 3.16.0-30-generic
92 error command "/usr/bin/nodejs" "/usr/bin/npm" "install" "-g" "cordova" "ionic"
93 error cwd /media/casita/809C41589C4149BC/Hefesoft/mobile/odontologia_v2/citas_medicas
94 error node -v v0.10.25
95 error npm -v 1.3.10
96 error path /usr/local/bin/ionic
97 error code EACCES
98 error errno 3
99 error stack Error: EACCES, unlink '/usr/local/bin/ionic'
100 verbose exit [ 3, true ]
